<?xml version="1.0" encoding="UTF-8"?>
<!-- Generated by org.testng.reporters.JUnitReportReporter -->
<testsuite skipped="0" hostname="DESKTOP-9VOPPEC" name="com.info6255.group6.selenium.SeleniumTests" tests="3" failures="0" timestamp="2020-11-24T19:40:22 EST" time="158.282" errors="0">
  <testcase name="scenario1Test" time="21.027" classname="com.info6255.group6.selenium.SeleniumTests"/>
  <system-out/>
  <testcase name="scenario3Test" time="55.715" classname="com.info6255.group6.selenium.SeleniumTests"/>
  <system-out/>
  <testcase name="scenario5Test" time="81.540" classname="com.info6255.group6.selenium.SeleniumTests"/>
  <system-out/>
</testsuite> <!-- com.info6255.group6.selenium.SeleniumTests -->
