<?xml version="1.0" encoding="UTF-8"?>
<!-- Generated by org.testng.reporters.JUnitReportReporter -->
<testsuite skipped="0" hostname="DESKTOP-9VOPPEC" name="com.info6255.group6.selenium.SeleniumTests" tests="2" failures="0" timestamp="2020-11-24T17:19:33 EST" time="90.863" errors="0">
  <testcase name="scenario1Test" time="25.594" classname="com.info6255.group6.selenium.SeleniumTests"/>
  <system-out/>
  <testcase name="scenario3Test" time="65.269" classname="com.info6255.group6.selenium.SeleniumTests"/>
  <system-out/>
</testsuite> <!-- com.info6255.group6.selenium.SeleniumTests -->
